[2026-03-25 13:50:22] [::1] LOGIN_FAILED Username: @receptionist
[2026-03-25 13:50:34] [::1] LOGIN_SUCCESS User: receptionist
[2026-03-25 13:54:23] [::1] LOGIN_SUCCESS User: dr. ephraim
[2026-03-25 13:54:50] [::1] LOGIN_SUCCESS User: admin
[2026-03-25 14:01:04] [::1] LOGIN_FAILED Username: adminfdyr
[2026-03-25 14:01:22] [::1] LOGIN_FAILED Username: admi
[2026-03-25 14:01:41] [::1] LOGIN_FAILED Username: admihjhjiooy
[2026-03-25 14:01:47] [::1] LOGIN_FAILED Username: admihjhjiooy
[2026-03-25 14:02:06] [::1] LOGIN_FAILED Username: admin
[2026-03-25 14:02:58] [::1] LOGIN_BLOCKED IP blocked for 15 more minutes
[2026-03-25 14:03:19] [::1] LOGIN_BLOCKED IP blocked for 14 more minutes
[2026-03-25 14:33:53] [::1] LOGIN_SUCCESS User: admin
[2026-03-26 09:57:44] [::1] LOGIN_SUCCESS User: admin
[2026-03-26 10:24:11] [10.250.215.244] LOGIN_SUCCESS User: admin
[2026-03-26 10:54:12] [::1] LOGIN_FAILED Username: 251935259622
[2026-03-26 10:54:34] [::1] LOGIN_FAILED Username: 251935259622
[2026-03-26 10:54:36] [::1] LOGIN_FAILED Username: 251935259622
[2026-03-26 10:54:38] [::1] LOGIN_FAILED Username: 251935259622
[2026-03-26 10:54:42] [::1] LOGIN_FAILED Username: 251935259622
[2026-03-26 10:55:02] [::1] LOGIN_BLOCKED IP blocked for 15 more minutes
[2026-03-26 11:10:11] [::1] LOGIN_FAILED Username: 251935259622
[2026-03-26 11:10:16] [::1] LOGIN_SUCCESS User: admin
[2026-03-26 12:56:38] [::1] LOGIN_SUCCESS User: admin
[2026-03-26 15:33:26] [::1] LOGIN_SUCCESS User: dr. ephraim
[2026-03-26 15:34:07] [::1] LOGIN_SUCCESS User: receptionist
[2026-03-29 09:04:53] [::1] LOGIN_SUCCESS User: admin
